<?xml version="1.0" encoding="UTF-8"?>
<testng-results ignored="0" total="2" passed="2" failed="0" skipped="0">
  <reporter-output>
    <line>
      <![CDATA[MY lambo car is lounch]]>
    </line>
    <line>
      <![CDATA[MY lambo car is lounch]]>
    </line>
  </reporter-output>
  <suite started-at="2024-07-31T12:27:03 IST" name="Suite" finished-at="2024-07-31T12:27:32 IST" duration-ms="29323">
    <groups>
      <group name="Smoke">
        <method signature="Lambo_CarTest.isTest(java.lang.String)[pri:0, instance:cars.Lambo_CarTest@41fbdac4]" name="isTest" class="cars.Lambo_CarTest"/>
        <method signature="Lambo_CarTest.isTest(java.lang.String)[pri:0, instance:cars.Lambo_CarTest@2a798d51]" name="isTest" class="cars.Lambo_CarTest"/>
      </group> <!-- Smoke -->
    </groups>
    <test started-at="2024-07-31T12:27:03 IST" name="Test" finished-at="2024-07-31T12:27:09 IST" duration-ms="5795">
      <class name="cars.Lambo_CarTest">
        <test-method signature="isTest(java.lang.String)[pri:0, instance:cars.Lambo_CarTest@41fbdac4]" started-at="2024-07-31T12:27:03 IST" name="isTest" finished-at="2024-07-31T12:27:09 IST" duration-ms="5748" status="PASS">
          <params>
            <param index="0">
              <value>
                <![CDATA[edge]]>
              </value>
            </param>
          </params>
          <reporter-output>
            <line>
              <![CDATA[MY lambo car is lounch]]>
            </line>
          </reporter-output>
        </test-method> <!-- isTest -->
      </class> <!-- cars.Lambo_CarTest -->
    </test> <!-- Test -->
    <test started-at="2024-07-31T12:27:09 IST" name="chromeTest" finished-at="2024-07-31T12:27:32 IST" duration-ms="23481">
      <class name="cars.Lambo_CarTest">
        <test-method signature="isTest(java.lang.String)[pri:0, instance:cars.Lambo_CarTest@2a798d51]" started-at="2024-07-31T12:27:09 IST" name="isTest" finished-at="2024-07-31T12:27:32 IST" duration-ms="23480" status="PASS">
          <params>
            <param index="0">
              <value>
                <![CDATA[chrome]]>
              </value>
            </param>
          </params>
          <reporter-output>
            <line>
              <![CDATA[MY lambo car is lounch]]>
            </line>
          </reporter-output>
        </test-method> <!-- isTest -->
      </class> <!-- cars.Lambo_CarTest -->
    </test> <!-- chromeTest -->
  </suite> <!-- Suite -->
</testng-results>
